2020-08-08 11:25:08,278 [file:14] [INFO]- HTTPServerRequest(protocol='http', host='localhost:9000', method='GET', uri='/', version='HTTP/1.1', remote_ip='::1')
2020-08-08 11:53:25,947 [file:14] [INFO]- HTTPServerRequest(protocol='http', host='localhost:9000', method='GET', uri='/', version='HTTP/1.1', remote_ip='::1')
2020-08-08 11:53:32,848 [file:14] [INFO]- HTTPServerRequest(protocol='http', host='localhost:9000', method='GET', uri='/index', version='HTTP/1.1', remote_ip='::1')
2020-08-08 11:53:41,122 [file:14] [INFO]- HTTPServerRequest(protocol='http', host='localhost:9000', method='GET', uri='/', version='HTTP/1.1', remote_ip='::1')
2020-08-08 11:53:41,792 [file:14] [INFO]- HTTPServerRequest(protocol='http', host='localhost:9000', method='GET', uri='/', version='HTTP/1.1', remote_ip='::1')
2020-08-08 11:53:42,100 [file:14] [INFO]- HTTPServerRequest(protocol='http', host='localhost:9000', method='GET', uri='/', version='HTTP/1.1', remote_ip='::1')
2020-08-08 11:53:42,405 [file:14] [INFO]- HTTPServerRequest(protocol='http', host='localhost:9000', method='GET', uri='/', version='HTTP/1.1', remote_ip='::1')
2020-08-08 11:53:42,954 [file:14] [INFO]- HTTPServerRequest(protocol='http', host='localhost:9000', method='GET', uri='/', version='HTTP/1.1', remote_ip='::1')
2020-08-08 11:53:44,182 [file:14] [INFO]- HTTPServerRequest(protocol='http', host='localhost:9000', method='GET', uri='/', version='HTTP/1.1', remote_ip='::1')
2020-08-08 11:53:44,707 [file:14] [INFO]- HTTPServerRequest(protocol='http', host='localhost:9000', method='GET', uri='/', version='HTTP/1.1', remote_ip='::1')
2020-08-11 12:05:56,212 [file:14] [INFO]- HTTPServerRequest(protocol='http', host='localhost:9000', method='GET', uri='/', version='HTTP/1.1', remote_ip='::1')
2020-08-11 12:09:33,908 [file:14] [INFO]- HTTPServerRequest(protocol='http', host='localhost:9000', method='GET', uri='/', version='HTTP/1.1', remote_ip='::1')
2020-08-11 12:09:37,082 [file:14] [INFO]- HTTPServerRequest(protocol='http', host='localhost:9000', method='GET', uri='/', version='HTTP/1.1', remote_ip='::1')
2020-08-11 12:09:52,465 [file:14] [INFO]- HTTPServerRequest(protocol='http', host='localhost:9000', method='GET', uri='/', version='HTTP/1.1', remote_ip='::1')
2020-08-11 12:14:09,510 [file:14] [INFO]- HTTPServerRequest(protocol='http', host='localhost:9000', method='GET', uri='/', version='HTTP/1.1', remote_ip='::1')
2020-08-11 12:15:43,238 [file:14] [INFO]- HTTPServerRequest(protocol='http', host='localhost:9000', method='GET', uri='/', version='HTTP/1.1', remote_ip='::1')
2020-08-11 12:15:44,417 [file:14] [INFO]- HTTPServerRequest(protocol='http', host='localhost:9000', method='GET', uri='/', version='HTTP/1.1', remote_ip='::1')
2020-08-11 12:15:44,616 [file:14] [INFO]- HTTPServerRequest(protocol='http', host='localhost:9000', method='GET', uri='/', version='HTTP/1.1', remote_ip='::1')
2020-08-11 12:15:44,776 [file:14] [INFO]- HTTPServerRequest(protocol='http', host='localhost:9000', method='GET', uri='/', version='HTTP/1.1', remote_ip='::1')
2020-08-11 12:28:42,066 [file:14] [INFO]- HTTPServerRequest(protocol='http', host='localhost:9000', method='GET', uri='/', version='HTTP/1.1', remote_ip='::1')
2020-08-11 12:30:37,424 [file:14] [INFO]- HTTPServerRequest(protocol='http', host='localhost:9000', method='GET', uri='/index', version='HTTP/1.1', remote_ip='::1')
2020-08-11 12:30:41,588 [file:14] [INFO]- HTTPServerRequest(protocol='http', host='localhost:9000', method='GET', uri='/index', version='HTTP/1.1', remote_ip='::1')
2020-08-11 12:30:41,975 [file:14] [INFO]- HTTPServerRequest(protocol='http', host='localhost:9000', method='GET', uri='/index', version='HTTP/1.1', remote_ip='::1')
2020-08-11 12:30:42,239 [file:14] [INFO]- HTTPServerRequest(protocol='http', host='localhost:9000', method='GET', uri='/index', version='HTTP/1.1', remote_ip='::1')
2020-08-11 12:30:42,466 [file:14] [INFO]- HTTPServerRequest(protocol='http', host='localhost:9000', method='GET', uri='/index', version='HTTP/1.1', remote_ip='::1')
2020-08-11 12:30:42,801 [file:14] [INFO]- HTTPServerRequest(protocol='http', host='localhost:9000', method='GET', uri='/index', version='HTTP/1.1', remote_ip='::1')
2020-08-11 12:30:43,124 [file:14] [INFO]- HTTPServerRequest(protocol='http', host='localhost:9000', method='GET', uri='/index', version='HTTP/1.1', remote_ip='::1')
2020-08-11 12:34:10,516 [file:14] [INFO]- HTTPServerRequest(protocol='http', host='localhost:9000', method='GET', uri='/', version='HTTP/1.1', remote_ip='::1')
2020-08-11 12:34:14,657 [file:14] [INFO]- HTTPServerRequest(protocol='http', host='localhost:9000', method='GET', uri='/', version='HTTP/1.1', remote_ip='::1')
2020-08-11 16:09:23,275 [file:14] [INFO]- HTTPServerRequest(protocol='http', host='localhost:9000', method='GET', uri='/', version='HTTP/1.1', remote_ip='::1')
2020-08-11 16:09:29,247 [file:14] [INFO]- HTTPServerRequest(protocol='http', host='localhost:9000', method='GET', uri='/', version='HTTP/1.1', remote_ip='::1')
2020-08-11 16:09:29,434 [file:14] [INFO]- HTTPServerRequest(protocol='http', host='localhost:9000', method='GET', uri='/', version='HTTP/1.1', remote_ip='::1')
2020-08-11 16:09:29,690 [file:14] [INFO]- HTTPServerRequest(protocol='http', host='localhost:9000', method='GET', uri='/', version='HTTP/1.1', remote_ip='::1')
2020-08-11 16:15:38,043 [file:14] [INFO]- HTTPServerRequest(protocol='http', host='localhost:9000', method='GET', uri='/', version='HTTP/1.1', remote_ip='::1')
2020-08-11 16:32:27,435 [file:14] [INFO]- HTTPServerRequest(protocol='http', host='localhost:9000', method='GET', uri='/auth/login?next=/', version='HTTP/1.1', remote_ip='::1')
2020-08-11 16:32:27,868 [file:14] [INFO]- HTTPServerRequest(protocol='http', host='localhost:9000', method='HEAD', uri='/auth/login?next=/', version='HTTP/1.1', remote_ip='::1')
2020-08-11 16:33:02,606 [file:14] [INFO]- HTTPServerRequest(protocol='http', host='localhost:9000', method='GET', uri='/auth/login?next=/', version='HTTP/1.1', remote_ip='::1')
2020-08-11 16:33:02,780 [file:14] [INFO]- HTTPServerRequest(protocol='http', host='localhost:9000', method='HEAD', uri='/auth/login?next=/', version='HTTP/1.1', remote_ip='::1')
2020-08-11 16:33:54,103 [file:14] [INFO]- HTTPServerRequest(protocol='http', host='localhost:9000', method='GET', uri='/auth/login?next=/', version='HTTP/1.1', remote_ip='::1')
2020-08-11 16:33:54,291 [file:14] [INFO]- HTTPServerRequest(protocol='http', host='localhost:9000', method='HEAD', uri='/auth/login?next=/', version='HTTP/1.1', remote_ip='::1')
2020-08-11 16:35:01,211 [file:14] [INFO]- HTTPServerRequest(protocol='http', host='localhost:9000', method='GET', uri='/auth/login?next=/', version='HTTP/1.1', remote_ip='::1')
2020-08-11 16:35:01,380 [file:14] [INFO]- HTTPServerRequest(protocol='http', host='localhost:9000', method='HEAD', uri='/auth/login?next=/', version='HTTP/1.1', remote_ip='::1')
2020-08-11 16:35:02,101 [file:14] [INFO]- HTTPServerRequest(protocol='http', host='localhost:9000', method='GET', uri='/auth/login?next=/', version='HTTP/1.1', remote_ip='::1')
2020-08-11 16:35:02,252 [file:14] [INFO]- HTTPServerRequest(protocol='http', host='localhost:9000', method='HEAD', uri='/auth/login?next=/', version='HTTP/1.1', remote_ip='::1')
2020-08-11 16:35:02,825 [file:14] [INFO]- HTTPServerRequest(protocol='http', host='localhost:9000', method='GET', uri='/auth/login?next=/', version='HTTP/1.1', remote_ip='::1')
2020-08-11 16:35:03,017 [file:14] [INFO]- HTTPServerRequest(protocol='http', host='localhost:9000', method='HEAD', uri='/auth/login?next=/', version='HTTP/1.1', remote_ip='::1')
2020-08-11 16:35:03,024 [file:14] [INFO]- HTTPServerRequest(protocol='http', host='localhost:9000', method='GET', uri='/auth/login?next=/', version='HTTP/1.1', remote_ip='::1')
2020-08-11 16:35:03,204 [file:14] [INFO]- HTTPServerRequest(protocol='http', host='localhost:9000', method='HEAD', uri='/auth/login?next=/', version='HTTP/1.1', remote_ip='::1')
2020-08-11 16:39:28,152 [file:14] [INFO]- HTTPServerRequest(protocol='http', host='localhost:9000', method='GET', uri='/auth/login?next=/', version='HTTP/1.1', remote_ip='::1')
2020-08-11 16:39:28,926 [file:14] [INFO]- HTTPServerRequest(protocol='http', host='localhost:9000', method='HEAD', uri='/auth/login?next=/', version='HTTP/1.1', remote_ip='::1')
2020-08-11 16:40:04,485 [file:14] [INFO]- HTTPServerRequest(protocol='http', host='localhost:9000', method='GET', uri='/auth/login?next=/', version='HTTP/1.1', remote_ip='::1')
2020-08-11 16:40:04,628 [file:14] [INFO]- HTTPServerRequest(protocol='http', host='localhost:9000', method='HEAD', uri='/auth/login?next=/', version='HTTP/1.1', remote_ip='::1')
2020-08-11 16:40:06,336 [file:14] [INFO]- HTTPServerRequest(protocol='http', host='localhost:9000', method='GET', uri='/auth/login?next=/', version='HTTP/1.1', remote_ip='::1')
2020-08-11 16:40:06,444 [file:14] [INFO]- HTTPServerRequest(protocol='http', host='localhost:9000', method='HEAD', uri='/auth/login?next=/', version='HTTP/1.1', remote_ip='::1')
2020-08-11 16:42:40,365 [file:14] [INFO]- HTTPServerRequest(protocol='http', host='localhost:9000', method='GET', uri='/auth/login?next=/', version='HTTP/1.1', remote_ip='::1')
2020-08-11 16:42:40,499 [file:14] [INFO]- HTTPServerRequest(protocol='http', host='localhost:9000', method='HEAD', uri='/auth/login?next=/', version='HTTP/1.1', remote_ip='::1')
2020-08-11 16:42:46,723 [file:14] [INFO]- HTTPServerRequest(protocol='http', host='localhost:9000', method='GET', uri='/auth/login?next=/', version='HTTP/1.1', remote_ip='::1')
2020-08-11 16:42:46,838 [file:14] [INFO]- HTTPServerRequest(protocol='http', host='localhost:9000', method='HEAD', uri='/auth/login?next=/', version='HTTP/1.1', remote_ip='::1')
2020-08-11 16:42:47,522 [file:14] [INFO]- HTTPServerRequest(protocol='http', host='localhost:9000', method='GET', uri='/auth/login?next=/', version='HTTP/1.1', remote_ip='::1')
2020-08-11 16:42:47,634 [file:14] [INFO]- HTTPServerRequest(protocol='http', host='localhost:9000', method='HEAD', uri='/auth/login?next=/', version='HTTP/1.1', remote_ip='::1')
2020-08-11 16:42:47,714 [file:14] [INFO]- HTTPServerRequest(protocol='http', host='localhost:9000', method='GET', uri='/auth/login?next=/', version='HTTP/1.1', remote_ip='::1')
2020-08-11 16:42:47,815 [file:14] [INFO]- HTTPServerRequest(protocol='http', host='localhost:9000', method='HEAD', uri='/auth/login?next=/', version='HTTP/1.1', remote_ip='::1')
2020-08-11 16:42:53,035 [file:14] [INFO]- HTTPServerRequest(protocol='http', host='localhost:9000', method='GET', uri='/auth/login?next=/', version='HTTP/1.1', remote_ip='::1')
2020-08-11 16:42:53,870 [file:14] [INFO]- HTTPServerRequest(protocol='http', host='localhost:9000', method='HEAD', uri='/auth/login?next=/', version='HTTP/1.1', remote_ip='::1')
2020-08-11 16:42:55,605 [file:14] [INFO]- HTTPServerRequest(protocol='http', host='localhost:9000', method='GET', uri='/auth/login?next=/', version='HTTP/1.1', remote_ip='::1')
2020-08-11 16:42:55,847 [file:14] [INFO]- HTTPServerRequest(protocol='http', host='localhost:9000', method='HEAD', uri='/auth/login?next=/', version='HTTP/1.1', remote_ip='::1')
2020-08-11 16:43:26,311 [file:14] [INFO]- HTTPServerRequest(protocol='http', host='localhost:9000', method='GET', uri='/auth/login?next=/', version='HTTP/1.1', remote_ip='::1')
2020-08-11 16:43:27,205 [file:14] [INFO]- HTTPServerRequest(protocol='http', host='localhost:9000', method='GET', uri='/auth/login?next=/', version='HTTP/1.1', remote_ip='::1')
2020-08-11 16:43:27,305 [file:14] [INFO]- HTTPServerRequest(protocol='http', host='localhost:9000', method='HEAD', uri='/auth/login?next=/', version='HTTP/1.1', remote_ip='::1')
2020-08-11 16:43:28,284 [file:14] [INFO]- HTTPServerRequest(protocol='http', host='localhost:9000', method='GET', uri='/auth/login?next=/', version='HTTP/1.1', remote_ip='::1')
2020-08-11 16:43:28,395 [file:14] [INFO]- HTTPServerRequest(protocol='http', host='localhost:9000', method='HEAD', uri='/auth/login?next=/', version='HTTP/1.1', remote_ip='::1')
2020-08-11 16:43:29,120 [file:14] [INFO]- HTTPServerRequest(protocol='http', host='localhost:9000', method='GET', uri='/auth/login?next=/', version='HTTP/1.1', remote_ip='::1')
2020-08-11 16:43:29,222 [file:14] [INFO]- HTTPServerRequest(protocol='http', host='localhost:9000', method='HEAD', uri='/auth/login?next=/', version='HTTP/1.1', remote_ip='::1')
2020-08-11 16:43:30,448 [file:14] [INFO]- HTTPServerRequest(protocol='http', host='localhost:9000', method='GET', uri='/auth/login?next=/', version='HTTP/1.1', remote_ip='::1')
2020-08-11 16:43:30,555 [file:14] [INFO]- HTTPServerRequest(protocol='http', host='localhost:9000', method='HEAD', uri='/auth/login?next=/', version='HTTP/1.1', remote_ip='::1')
2020-08-11 16:43:59,933 [file:14] [INFO]- HTTPServerRequest(protocol='http', host='localhost:9000', method='GET', uri='/auth/login?next=/', version='HTTP/1.1', remote_ip='::1')
2020-08-11 16:44:00,118 [file:14] [INFO]- HTTPServerRequest(protocol='http', host='localhost:9000', method='HEAD', uri='/auth/login?next=/', version='HTTP/1.1', remote_ip='::1')
2020-08-11 16:44:04,980 [file:14] [INFO]- HTTPServerRequest(protocol='http', host='localhost:9000', method='GET', uri='/auth/login?next=/', version='HTTP/1.1', remote_ip='::1')
2020-08-11 16:46:15,877 [file:14] [INFO]- HTTPServerRequest(protocol='http', host='localhost:9000', method='GET', uri='/auth/login?next=/', version='HTTP/1.1', remote_ip='::1')
2020-08-11 16:46:16,755 [file:14] [INFO]- HTTPServerRequest(protocol='http', host='localhost:9000', method='HEAD', uri='/auth/login?next=/', version='HTTP/1.1', remote_ip='::1')
2020-08-11 16:46:17,561 [file:14] [INFO]- HTTPServerRequest(protocol='http', host='localhost:9000', method='GET', uri='/auth/login?next=/', version='HTTP/1.1', remote_ip='::1')
2020-08-11 16:46:17,732 [file:14] [INFO]- HTTPServerRequest(protocol='http', host='localhost:9000', method='HEAD', uri='/auth/login?next=/', version='HTTP/1.1', remote_ip='::1')
2020-08-11 18:42:24,788 [file:14] [INFO]- HTTPServerRequest(protocol='http', host='localhost:9000', method='GET', uri='/auth/login?next=/', version='HTTP/1.1', remote_ip='::1')
2020-08-11 18:42:25,612 [file:14] [INFO]- HTTPServerRequest(protocol='http', host='localhost:9000', method='GET', uri='/auth/v.img', version='HTTP/1.1', remote_ip='::1')
2020-08-11 18:42:25,771 [file:14] [INFO]- HTTPServerRequest(protocol='http', host='localhost:9000', method='HEAD', uri='/auth/login?next=/', version='HTTP/1.1', remote_ip='::1')
2020-08-11 18:43:44,927 [file:14] [INFO]- HTTPServerRequest(protocol='http', host='localhost:9000', method='GET', uri='/auth/login?next=/', version='HTTP/1.1', remote_ip='::1')
2020-08-11 18:43:45,081 [file:14] [INFO]- HTTPServerRequest(protocol='http', host='localhost:9000', method='GET', uri='/auth/v.img', version='HTTP/1.1', remote_ip='::1')
2020-08-11 18:43:49,691 [file:14] [INFO]- HTTPServerRequest(protocol='http', host='localhost:9000', method='GET', uri='/auth/login?next=/', version='HTTP/1.1', remote_ip='::1')
2020-08-11 18:43:49,841 [file:14] [INFO]- HTTPServerRequest(protocol='http', host='localhost:9000', method='GET', uri='/auth/v.img', version='HTTP/1.1', remote_ip='::1')
2020-08-11 18:47:11,226 [file:14] [INFO]- HTTPServerRequest(protocol='http', host='localhost:9000', method='GET', uri='/auth/login?next=/', version='HTTP/1.1', remote_ip='::1')
2020-08-11 18:47:11,351 [file:14] [INFO]- HTTPServerRequest(protocol='http', host='localhost:9000', method='GET', uri='/auth/v.img', version='HTTP/1.1', remote_ip='::1')
2020-08-11 18:47:18,970 [file:14] [INFO]- HTTPServerRequest(protocol='http', host='localhost:9000', method='GET', uri='/auth/v.img', version='HTTP/1.1', remote_ip='::1')
2020-08-11 18:47:20,465 [file:14] [INFO]- HTTPServerRequest(protocol='http', host='localhost:9000', method='GET', uri='/auth/v.img', version='HTTP/1.1', remote_ip='::1')
2020-08-11 18:47:21,485 [file:14] [INFO]- HTTPServerRequest(protocol='http', host='localhost:9000', method='GET', uri='/auth/v.img', version='HTTP/1.1', remote_ip='::1')
2020-08-11 18:47:40,464 [file:14] [INFO]- HTTPServerRequest(protocol='http', host='localhost:9000', method='GET', uri='/auth/v.img', version='HTTP/1.1', remote_ip='::1')
2020-08-11 18:47:43,344 [file:14] [INFO]- HTTPServerRequest(protocol='http', host='localhost:9000', method='GET', uri='/auth/v.img', version='HTTP/1.1', remote_ip='::1')
2020-08-11 18:48:14,620 [file:14] [INFO]- HTTPServerRequest(protocol='http', host='localhost:9000', method='GET', uri='/auth/v.img', version='HTTP/1.1', remote_ip='::1')
2020-08-11 18:48:21,279 [file:14] [INFO]- HTTPServerRequest(protocol='http', host='localhost:9000', method='GET', uri='/auth/v.img', version='HTTP/1.1', remote_ip='::1')
2020-08-11 18:49:03,376 [file:14] [INFO]- HTTPServerRequest(protocol='http', host='localhost:9000', method='GET', uri='/auth/login?next=/', version='HTTP/1.1', remote_ip='::1')
2020-08-11 18:49:04,731 [file:14] [INFO]- HTTPServerRequest(protocol='http', host='localhost:9000', method='GET', uri='/auth/v.img', version='HTTP/1.1', remote_ip='::1')
2020-08-11 18:49:15,866 [file:14] [INFO]- HTTPServerRequest(protocol='http', host='localhost:9000', method='POST', uri='/auth/login', version='HTTP/1.1', remote_ip='::1')
2020-08-11 18:49:30,318 [file:14] [INFO]- HTTPServerRequest(protocol='http', host='localhost:9000', method='POST', uri='/auth/signup', version='HTTP/1.1', remote_ip='::1')
2020-08-11 18:49:30,367 [file:14] [INFO]- HTTPServerRequest(protocol='http', host='localhost:9000', method='GET', uri='/', version='HTTP/1.1', remote_ip='::1')
2020-08-11 18:50:03,912 [file:14] [INFO]- HTTPServerRequest(protocol='http', host='localhost:9000', method='GET', uri='/auth/logout?next=/', version='HTTP/1.1', remote_ip='::1')
2020-08-11 18:50:03,919 [file:14] [INFO]- HTTPServerRequest(protocol='http', host='localhost:9000', method='GET', uri='/?m=%E6%B3%A8%E9%94%80%E6%88%90%E5%8A%9F&e=success', version='HTTP/1.1', remote_ip='::1')
2020-08-11 18:54:01,210 [file:14] [INFO]- HTTPServerRequest(protocol='http', host='localhost:9000', method='GET', uri='/?m=%E6%B3%A8%E9%94%80%E6%88%90%E5%8A%9F&e=success', version='HTTP/1.1', remote_ip='::1')
2020-08-11 19:08:31,731 [file:14] [INFO]- HTTPServerRequest(protocol='http', host='localhost:9000', method='GET', uri='/?m=%E6%B3%A8%E9%94%80%E6%88%90%E5%8A%9F&e=success', version='HTTP/1.1', remote_ip='::1')
2020-08-11 19:08:35,014 [file:14] [INFO]- HTTPServerRequest(protocol='http', host='localhost:9000', method='GET', uri='/auth/login?next=/', version='HTTP/1.1', remote_ip='::1')
2020-08-11 19:08:35,102 [file:14] [INFO]- HTTPServerRequest(protocol='http', host='localhost:9000', method='GET', uri='/auth/v.img', version='HTTP/1.1', remote_ip='::1')
2020-08-11 19:08:43,102 [file:14] [INFO]- HTTPServerRequest(protocol='http', host='localhost:9000', method='POST', uri='/auth/login', version='HTTP/1.1', remote_ip='::1')
2020-08-11 19:08:43,134 [file:14] [INFO]- HTTPServerRequest(protocol='http', host='localhost:9000', method='GET', uri='/', version='HTTP/1.1', remote_ip='::1')
2020-08-11 19:08:49,112 [file:14] [INFO]- HTTPServerRequest(protocol='http', host='localhost:9000', method='GET', uri='/auth/logout?next=/', version='HTTP/1.1', remote_ip='::1')
2020-08-11 19:08:49,118 [file:14] [INFO]- HTTPServerRequest(protocol='http', host='localhost:9000', method='GET', uri='/?m=%E6%B3%A8%E9%94%80%E6%88%90%E5%8A%9F&e=success', version='HTTP/1.1', remote_ip='::1')
2020-08-11 19:09:31,029 [file:14] [INFO]- HTTPServerRequest(protocol='http', host='localhost:9000', method='GET', uri='/auth/login?next=/', version='HTTP/1.1', remote_ip='::1')
2020-08-11 19:09:31,129 [file:14] [INFO]- HTTPServerRequest(protocol='http', host='localhost:9000', method='GET', uri='/auth/v.img', version='HTTP/1.1', remote_ip='::1')
2020-08-11 19:09:43,352 [file:14] [INFO]- HTTPServerRequest(protocol='http', host='localhost:9000', method='POST', uri='/auth/login', version='HTTP/1.1', remote_ip='::1')
2020-08-11 19:09:43,378 [file:14] [INFO]- HTTPServerRequest(protocol='http', host='localhost:9000', method='GET', uri='/', version='HTTP/1.1', remote_ip='::1')
2020-08-11 19:11:13,868 [file:14] [INFO]- HTTPServerRequest(protocol='http', host='localhost:9000', method='GET', uri='/auth/login?next=/', version='HTTP/1.1', remote_ip='::1')
2020-08-11 19:11:13,962 [file:14] [INFO]- HTTPServerRequest(protocol='http', host='localhost:9000', method='GET', uri='/auth/v.img', version='HTTP/1.1', remote_ip='::1')
2020-08-11 19:11:16,434 [file:14] [INFO]- HTTPServerRequest(protocol='http', host='localhost:9000', method='GET', uri='/auth/login?next=/', version='HTTP/1.1', remote_ip='::1')
2020-08-11 19:11:16,525 [file:14] [INFO]- HTTPServerRequest(protocol='http', host='localhost:9000', method='GET', uri='/auth/v.img', version='HTTP/1.1', remote_ip='::1')
2020-08-11 19:11:17,456 [file:14] [INFO]- HTTPServerRequest(protocol='http', host='localhost:9000', method='GET', uri='/auth/login?next=/', version='HTTP/1.1', remote_ip='::1')
2020-08-11 19:11:17,606 [file:14] [INFO]- HTTPServerRequest(protocol='http', host='localhost:9000', method='GET', uri='/auth/v.img', version='HTTP/1.1', remote_ip='::1')
2020-08-11 19:11:17,757 [file:14] [INFO]- HTTPServerRequest(protocol='http', host='localhost:9000', method='HEAD', uri='/auth/login?next=/', version='HTTP/1.1', remote_ip='::1')
2020-08-11 19:12:55,820 [file:14] [INFO]- HTTPServerRequest(protocol='http', host='localhost:9000', method='POST', uri='/auth/login', version='HTTP/1.1', remote_ip='::1')
2020-08-11 19:12:55,855 [file:14] [INFO]- HTTPServerRequest(protocol='http', host='localhost:9000', method='GET', uri='/', version='HTTP/1.1', remote_ip='::1')
2020-08-11 19:31:01,007 [file:14] [INFO]- HTTPServerRequest(protocol='http', host='localhost:9000', method='GET', uri='/', version='HTTP/1.1', remote_ip='::1')
2020-08-11 19:31:02,152 [file:14] [INFO]- HTTPServerRequest(protocol='http', host='localhost:9000', method='GET', uri='/', version='HTTP/1.1', remote_ip='::1')
2020-08-11 19:31:37,127 [file:14] [INFO]- HTTPServerRequest(protocol='http', host='localhost:9000', method='GET', uri='/', version='HTTP/1.1', remote_ip='::1')
2020-08-11 19:32:02,802 [file:14] [INFO]- HTTPServerRequest(protocol='http', host='localhost:9000', method='GET', uri='/', version='HTTP/1.1', remote_ip='::1')
2020-08-11 19:32:04,053 [file:14] [INFO]- HTTPServerRequest(protocol='http', host='localhost:9000', method='GET', uri='/', version='HTTP/1.1', remote_ip='::1')
2020-08-11 19:32:39,816 [file:14] [INFO]- HTTPServerRequest(protocol='http', host='localhost:9000', method='GET', uri='/', version='HTTP/1.1', remote_ip='::1')
2020-08-11 19:33:06,728 [file:14] [INFO]- HTTPServerRequest(protocol='http', host='localhost:9000', method='GET', uri='/', version='HTTP/1.1', remote_ip='::1')
2020-08-11 19:33:29,639 [file:14] [INFO]- HTTPServerRequest(protocol='http', host='localhost:9000', method='GET', uri='/', version='HTTP/1.1', remote_ip='::1')
2020-08-11 19:33:30,892 [file:14] [INFO]- HTTPServerRequest(protocol='http', host='localhost:9000', method='GET', uri='/', version='HTTP/1.1', remote_ip='::1')
2020-08-11 19:34:05,309 [file:14] [INFO]- HTTPServerRequest(protocol='http', host='localhost:9000', method='GET', uri='/', version='HTTP/1.1', remote_ip='::1')
2020-08-11 19:35:27,954 [file:14] [INFO]- HTTPServerRequest(protocol='http', host='localhost:9000', method='GET', uri='/', version='HTTP/1.1', remote_ip='::1')
2020-08-13 18:53:51,996 [file:14] [INFO]- HTTPServerRequest(protocol='http', host='localhost:9000', method='GET', uri='/', version='HTTP/1.1', remote_ip='::1')
2020-08-13 18:54:19,599 [file:14] [INFO]- HTTPServerRequest(protocol='http', host='localhost:9000', method='GET', uri='/index', version='HTTP/1.1', remote_ip='::1')
2020-08-13 18:54:21,825 [file:14] [INFO]- HTTPServerRequest(protocol='http', host='localhost:9000', method='GET', uri='/index', version='HTTP/1.1', remote_ip='::1')
2020-08-13 19:18:21,326 [file:14] [INFO]- HTTPServerRequest(protocol='http', host='localhost:9000', method='GET', uri='/index', version='HTTP/1.1', remote_ip='::1')
2020-08-13 19:19:37,064 [file:14] [INFO]- HTTPServerRequest(protocol='http', host='localhost:9000', method='GET', uri='/index', version='HTTP/1.1', remote_ip='::1')
2020-08-13 19:33:30,829 [file:14] [INFO]- HTTPServerRequest(protocol='http', host='localhost:9000', method='GET', uri='/index', version='HTTP/1.1', remote_ip='::1')
2020-08-13 19:33:31,126 [file:14] [INFO]- HTTPServerRequest(protocol='http', host='localhost:9000', method='GET', uri='/question/list?pre=0', version='HTTP/1.1', remote_ip='::1')
2020-08-13 19:33:35,765 [file:14] [INFO]- HTTPServerRequest(protocol='http', host='localhost:9000', method='GET', uri='/index', version='HTTP/1.1', remote_ip='::1')
2020-08-13 19:33:36,123 [file:14] [INFO]- HTTPServerRequest(protocol='http', host='localhost:9000', method='GET', uri='/question/list?pre=0', version='HTTP/1.1', remote_ip='::1')
2020-08-13 19:33:38,687 [file:14] [INFO]- HTTPServerRequest(protocol='http', host='localhost:9000', method='GET', uri='/question/search?s=haha', version='HTTP/1.1', remote_ip='::1')
2020-08-13 19:48:11,303 [file:14] [INFO]- HTTPServerRequest(protocol='http', host='localhost:9000', method='GET', uri='/question/search?s=haha', version='HTTP/1.1', remote_ip='::1')
2020-08-15 10:29:21,830 [file:14] [INFO]- HTTPServerRequest(protocol='http', host='localhost:9000', method='GET', uri='/', version='HTTP/1.1', remote_ip='::1')
2020-08-15 10:29:22,277 [file:14] [INFO]- HTTPServerRequest(protocol='http', host='localhost:9000', method='GET', uri='/question/list?pre=0', version='HTTP/1.1', remote_ip='::1')
2020-08-15 10:29:26,999 [file:14] [INFO]- HTTPServerRequest(protocol='http', host='localhost:9000', method='GET', uri='/', version='HTTP/1.1', remote_ip='::1')
2020-08-15 10:29:27,168 [file:14] [INFO]- HTTPServerRequest(protocol='http', host='localhost:9000', method='GET', uri='/question/list?pre=0', version='HTTP/1.1', remote_ip='::1')
2020-08-15 10:29:30,305 [file:14] [INFO]- HTTPServerRequest(protocol='http', host='localhost:9000', method='GET', uri='/question/list?pre=1', version='HTTP/1.1', remote_ip='::1')
2020-08-15 10:29:31,123 [file:14] [INFO]- HTTPServerRequest(protocol='http', host='localhost:9000', method='GET', uri='/question/list?pre=0', version='HTTP/1.1', remote_ip='::1')
2020-08-15 10:29:33,585 [file:14] [INFO]- HTTPServerRequest(protocol='http', host='localhost:9000', method='GET', uri='/question/filter/hotest', version='HTTP/1.1', remote_ip='::1')
2020-08-15 10:29:55,203 [file:14] [INFO]- HTTPServerRequest(protocol='http', host='localhost:9000', method='GET', uri='/auth/logout?next=/', version='HTTP/1.1', remote_ip='::1')
2020-08-15 10:29:55,210 [file:14] [INFO]- HTTPServerRequest(protocol='http', host='localhost:9000', method='GET', uri='/?m=%E6%B3%A8%E9%94%80%E6%88%90%E5%8A%9F&e=success', version='HTTP/1.1', remote_ip='::1')
2020-08-15 10:29:55,339 [file:14] [INFO]- HTTPServerRequest(protocol='http', host='localhost:9000', method='GET', uri='/question/list?pre=0', version='HTTP/1.1', remote_ip='::1')
2020-08-15 10:29:58,221 [file:14] [INFO]- HTTPServerRequest(protocol='http', host='localhost:9000', method='GET', uri='/auth/login?next=/', version='HTTP/1.1', remote_ip='::1')
2020-08-15 10:29:58,429 [file:14] [INFO]- HTTPServerRequest(protocol='http', host='localhost:9000', method='GET', uri='/auth/v.img', version='HTTP/1.1', remote_ip='::1')
2020-08-15 10:31:08,369 [file:14] [INFO]- HTTPServerRequest(protocol='http', host='localhost:9000', method='POST', uri='/auth/login', version='HTTP/1.1', remote_ip='::1')
2020-08-15 10:31:08,387 [file:14] [INFO]- HTTPServerRequest(protocol='http', host='localhost:9000', method='GET', uri='/', version='HTTP/1.1', remote_ip='::1')
2020-08-15 10:31:08,524 [file:14] [INFO]- HTTPServerRequest(protocol='http', host='localhost:9000', method='GET', uri='/question/list?pre=0', version='HTTP/1.1', remote_ip='::1')
2020-08-15 10:33:37,249 [file:14] [INFO]- HTTPServerRequest(protocol='http', host='localhost:9000', method='GET', uri='/', version='HTTP/1.1', remote_ip='::1')
2020-08-15 10:33:42,254 [file:14] [INFO]- HTTPServerRequest(protocol='http', host='localhost:9000', method='GET', uri='/question/list?pre=0', version='HTTP/1.1', remote_ip='::1')
2020-08-15 10:33:45,784 [file:14] [INFO]- HTTPServerRequest(protocol='http', host='localhost:9000', method='GET', uri='/', version='HTTP/1.1', remote_ip='::1')
2020-08-15 10:33:45,890 [file:14] [INFO]- HTTPServerRequest(protocol='http', host='localhost:9000', method='GET', uri='/question/list?pre=0', version='HTTP/1.1', remote_ip='::1')
2020-08-15 10:34:04,242 [file:14] [INFO]- HTTPServerRequest(protocol='http', host='localhost:9000', method='GET', uri='/', version='HTTP/1.1', remote_ip='::1')
2020-08-15 10:34:04,365 [file:14] [INFO]- HTTPServerRequest(protocol='http', host='localhost:9000', method='GET', uri='/question/list?pre=0', version='HTTP/1.1', remote_ip='::1')
2020-08-15 10:34:09,045 [file:14] [INFO]- HTTPServerRequest(protocol='http', host='localhost:9000', method='GET', uri='/question/filter/newest', version='HTTP/1.1', remote_ip='::1')
2020-08-15 10:35:21,858 [file:14] [INFO]- HTTPServerRequest(protocol='http', host='localhost:9000', method='GET', uri='/', version='HTTP/1.1', remote_ip='::1')
2020-08-15 10:35:22,652 [file:14] [INFO]- HTTPServerRequest(protocol='http', host='localhost:9000', method='GET', uri='/question/list?pre=0', version='HTTP/1.1', remote_ip='::1')
2020-08-15 10:36:37,330 [file:14] [INFO]- HTTPServerRequest(protocol='http', host='localhost:9000', method='GET', uri='/', version='HTTP/1.1', remote_ip='::1')
2020-08-15 10:36:37,478 [file:14] [INFO]- HTTPServerRequest(protocol='http', host='localhost:9000', method='GET', uri='/question/list?pre=0', version='HTTP/1.1', remote_ip='::1')
2020-08-15 10:38:09,520 [file:14] [INFO]- HTTPServerRequest(protocol='http', host='localhost:9000', method='GET', uri='/question/list?pre=0', version='HTTP/1.1', remote_ip='127.0.0.1')
2020-08-15 10:38:13,054 [file:14] [INFO]- HTTPServerRequest(protocol='http', host='localhost:9000', method='GET', uri='/', version='HTTP/1.1', remote_ip='127.0.0.1')
2020-08-15 10:38:13,192 [file:14] [INFO]- HTTPServerRequest(protocol='http', host='localhost:9000', method='GET', uri='/question/list?pre=0', version='HTTP/1.1', remote_ip='127.0.0.1')
2020-08-15 10:38:37,905 [file:14] [INFO]- HTTPServerRequest(protocol='http', host='localhost:9000', method='GET', uri='/', version='HTTP/1.1', remote_ip='::1')
2020-08-15 10:38:38,688 [file:14] [INFO]- HTTPServerRequest(protocol='http', host='localhost:9000', method='GET', uri='/question/list?pre=0', version='HTTP/1.1', remote_ip='::1')
2020-08-15 10:39:37,203 [file:14] [INFO]- HTTPServerRequest(protocol='http', host='localhost:9000', method='GET', uri='/', version='HTTP/1.1', remote_ip='::1')
2020-08-15 10:39:37,977 [file:14] [INFO]- HTTPServerRequest(protocol='http', host='localhost:9000', method='GET', uri='/question/list?pre=0', version='HTTP/1.1', remote_ip='::1')
2020-08-15 10:39:40,057 [file:14] [INFO]- HTTPServerRequest(protocol='http', host='localhost:9000', method='GET', uri='/', version='HTTP/1.1', remote_ip='::1')
2020-08-15 10:39:40,196 [file:14] [INFO]- HTTPServerRequest(protocol='http', host='localhost:9000', method='GET', uri='/question/list?pre=0', version='HTTP/1.1', remote_ip='::1')
2020-08-15 10:40:01,493 [file:14] [INFO]- HTTPServerRequest(protocol='http', host='localhost:9000', method='GET', uri='/', version='HTTP/1.1', remote_ip='::1')
2020-08-15 10:40:02,267 [file:14] [INFO]- HTTPServerRequest(protocol='http', host='localhost:9000', method='GET', uri='/question/list?pre=0', version='HTTP/1.1', remote_ip='::1')
2020-08-15 10:40:33,805 [file:14] [INFO]- HTTPServerRequest(protocol='http', host='localhost:9000', method='GET', uri='/', version='HTTP/1.1', remote_ip='::1')
2020-08-15 10:40:34,578 [file:14] [INFO]- HTTPServerRequest(protocol='http', host='localhost:9000', method='GET', uri='/question/list?pre=0', version='HTTP/1.1', remote_ip='::1')
2020-08-15 10:41:10,155 [file:14] [INFO]- HTTPServerRequest(protocol='http', host='localhost:9000', method='GET', uri='/question/filter/newest', version='HTTP/1.1', remote_ip='::1')
2020-08-15 10:41:11,479 [file:14] [INFO]- HTTPServerRequest(protocol='http', host='localhost:9000', method='GET', uri='/question/filter/hotest', version='HTTP/1.1', remote_ip='::1')
2020-08-15 10:41:13,298 [file:14] [INFO]- HTTPServerRequest(protocol='http', host='localhost:9000', method='GET', uri='/question/filter/under', version='HTTP/1.1', remote_ip='::1')
2020-08-15 10:42:09,184 [file:14] [INFO]- HTTPServerRequest(protocol='http', host='localhost:9000', method='GET', uri='/question/filter/under', version='HTTP/1.1', remote_ip='::1')
2020-08-15 10:43:04,316 [file:14] [INFO]- HTTPServerRequest(protocol='http', host='localhost:9000', method='GET', uri='/question/filter/hasdone', version='HTTP/1.1', remote_ip='::1')
2020-08-15 10:45:02,090 [file:14] [INFO]- HTTPServerRequest(protocol='http', host='localhost:9000', method='GET', uri='/', version='HTTP/1.1', remote_ip='::1')
2020-08-15 10:45:02,871 [file:14] [INFO]- HTTPServerRequest(protocol='http', host='localhost:9000', method='GET', uri='/question/list?pre=0', version='HTTP/1.1', remote_ip='::1')
2020-08-15 10:45:04,553 [file:14] [INFO]- HTTPServerRequest(protocol='http', host='localhost:9000', method='GET', uri='/question/filter/hotest', version='HTTP/1.1', remote_ip='::1')
2020-08-15 10:45:06,294 [file:14] [INFO]- HTTPServerRequest(protocol='http', host='localhost:9000', method='GET', uri='/question/filter/under', version='HTTP/1.1', remote_ip='::1')
2020-08-15 10:45:15,396 [file:14] [INFO]- HTTPServerRequest(protocol='http', host='localhost:9000', method='GET', uri='/question/filter/t_100005', version='HTTP/1.1', remote_ip='::1')
2020-08-15 10:45:17,523 [file:14] [INFO]- HTTPServerRequest(protocol='http', host='localhost:9000', method='GET', uri='/question/filter/t_100000', version='HTTP/1.1', remote_ip='::1')
2020-08-15 10:45:19,111 [file:14] [INFO]- HTTPServerRequest(protocol='http', host='localhost:9000', method='GET', uri='/question/filter/t_100001', version='HTTP/1.1', remote_ip='::1')
2020-08-15 10:45:20,956 [file:14] [INFO]- HTTPServerRequest(protocol='http', host='localhost:9000', method='GET', uri='/question/filter/t_100002', version='HTTP/1.1', remote_ip='::1')
2020-08-15 11:03:14,281 [file:14] [INFO]- HTTPServerRequest(protocol='http', host='localhost:9000', method='GET', uri='/question/detail/100006', version='HTTP/1.1', remote_ip='::1')
2020-08-15 11:03:15,138 [file:14] [INFO]- HTTPServerRequest(protocol='http', host='localhost:9000', method='GET', uri='/question/detail/100006', version='HTTP/1.1', remote_ip='::1')
2020-08-15 11:03:15,658 [file:14] [INFO]- HTTPServerRequest(protocol='http', host='localhost:9000', method='GET', uri='/question/detail/100006', version='HTTP/1.1', remote_ip='::1')
2020-08-15 11:03:15,826 [file:14] [INFO]- HTTPServerRequest(protocol='http', host='localhost:9000', method='GET', uri='/question/detail/100006', version='HTTP/1.1', remote_ip='::1')
2020-08-15 11:03:42,155 [file:14] [INFO]- HTTPServerRequest(protocol='http', host='localhost:9000', method='GET', uri='/question/detail/100006', version='HTTP/1.1', remote_ip='::1')
2020-08-15 11:03:55,676 [file:14] [INFO]- HTTPServerRequest(protocol='http', host='localhost:9000', method='GET', uri='/question/detail/100006', version='HTTP/1.1', remote_ip='::1')
2020-08-15 11:03:56,553 [file:14] [INFO]- HTTPServerRequest(protocol='http', host='localhost:9000', method='GET', uri='/question/detail/100006', version='HTTP/1.1', remote_ip='::1')
2020-08-15 11:03:56,903 [file:14] [INFO]- HTTPServerRequest(protocol='http', host='localhost:9000', method='GET', uri='/question/detail/100006', version='HTTP/1.1', remote_ip='::1')
2020-08-15 11:11:55,447 [file:14] [INFO]- HTTPServerRequest(protocol='http', host='localhost:9000', method='GET', uri='/question/detail/100006', version='HTTP/1.1', remote_ip='::1')
2020-08-15 11:16:21,610 [file:14] [INFO]- HTTPServerRequest(protocol='http', host='localhost:9000', method='GET', uri='/auth/logout?next=/question/detail/100006', version='HTTP/1.1', remote_ip='::1')
2020-08-15 11:16:21,617 [file:14] [INFO]- HTTPServerRequest(protocol='http', host='localhost:9000', method='GET', uri='/question/detail/100006?m=%E6%B3%A8%E9%94%80%E6%88%90%E5%8A%9F&e=success', version='HTTP/1.1', remote_ip='::1')
2020-08-15 11:16:29,380 [file:14] [INFO]- HTTPServerRequest(protocol='http', host='localhost:9000', method='GET', uri='/auth/login?next=/question/detail/100006', version='HTTP/1.1', remote_ip='::1')
2020-08-15 11:16:29,504 [file:14] [INFO]- HTTPServerRequest(protocol='http', host='localhost:9000', method='GET', uri='/auth/v.img', version='HTTP/1.1', remote_ip='::1')
2020-08-15 11:16:39,881 [file:14] [INFO]- HTTPServerRequest(protocol='http', host='localhost:9000', method='POST', uri='/auth/login', version='HTTP/1.1', remote_ip='::1')
2020-08-15 11:16:39,896 [file:14] [INFO]- HTTPServerRequest(protocol='http', host='localhost:9000', method='GET', uri='/question/detail/100006', version='HTTP/1.1', remote_ip='::1')
2020-08-15 11:24:00,210 [file:14] [INFO]- HTTPServerRequest(protocol='http', host='localhost:9000', method='GET', uri='/question/detail/100006', version='HTTP/1.1', remote_ip='::1')
2020-08-15 11:24:30,803 [file:14] [INFO]- HTTPServerRequest(protocol='http', host='localhost:9000', method='GET', uri='/question/detail/100009', version='HTTP/1.1', remote_ip='::1')
2020-08-15 11:52:15,042 [file:14] [INFO]- HTTPServerRequest(protocol='http', host='localhost:9000', method='GET', uri='/question/detail/100009', version='HTTP/1.1', remote_ip='::1')
2020-08-15 11:52:16,040 [file:14] [INFO]- HTTPServerRequest(protocol='http', host='localhost:9000', method='GET', uri='/question/detail/100009', version='HTTP/1.1', remote_ip='::1')
2020-08-15 11:52:16,867 [file:14] [INFO]- HTTPServerRequest(protocol='http', host='localhost:9000', method='GET', uri='/question/detail/100009', version='HTTP/1.1', remote_ip='::1')
2020-08-15 11:52:41,786 [file:14] [INFO]- HTTPServerRequest(protocol='http', host='localhost:9000', method='GET', uri='/question/detail/100008', version='HTTP/1.1', remote_ip='::1')
2020-08-15 11:52:44,505 [file:14] [INFO]- HTTPServerRequest(protocol='http', host='localhost:9000', method='GET', uri='/question/detail/100003', version='HTTP/1.1', remote_ip='::1')
2020-08-15 11:52:57,446 [file:14] [INFO]- HTTPServerRequest(protocol='http', host='localhost:9000', method='GET', uri='/question/detail/100009', version='HTTP/1.1', remote_ip='::1')
2020-08-15 12:04:57,938 [file:14] [INFO]- HTTPServerRequest(protocol='http', host='localhost:9000', method='GET', uri='/question/detail/100009', version='HTTP/1.1', remote_ip='::1')
2020-08-15 12:05:01,175 [file:14] [INFO]- HTTPServerRequest(protocol='http', host='localhost:9000', method='GET', uri='/question/detail/100009', version='HTTP/1.1', remote_ip='::1')
2020-08-15 12:05:03,191 [file:14] [INFO]- HTTPServerRequest(protocol='http', host='localhost:9000', method='GET', uri='/question/detail/100009', version='HTTP/1.1', remote_ip='::1')
2020-08-15 12:05:05,826 [file:14] [INFO]- HTTPServerRequest(protocol='http', host='localhost:9000', method='GET', uri='/question/detail/100006', version='HTTP/1.1', remote_ip='::1')
2020-08-15 12:11:45,386 [file:14] [INFO]- HTTPServerRequest(protocol='http', host='localhost:9000', method='GET', uri='/question/detail/100006', version='HTTP/1.1', remote_ip='::1')
2020-08-15 12:18:20,253 [file:14] [INFO]- HTTPServerRequest(protocol='http', host='localhost:9000', method='GET', uri='/question/detail/100006', version='HTTP/1.1', remote_ip='::1')
2020-08-15 12:18:34,910 [file:14] [INFO]- HTTPServerRequest(protocol='http', host='localhost:9000', method='GET', uri='/question/detail/100006', version='HTTP/1.1', remote_ip='::1')
2020-08-15 12:19:48,714 [file:14] [INFO]- HTTPServerRequest(protocol='http', host='localhost:9000', method='GET', uri='/question/detail/100006', version='HTTP/1.1', remote_ip='::1')
2020-08-15 12:21:10,268 [file:14] [INFO]- HTTPServerRequest(protocol='http', host='localhost:9000', method='GET', uri='/question/detail/100006', version='HTTP/1.1', remote_ip='::1')
2020-08-15 12:21:11,092 [file:14] [INFO]- HTTPServerRequest(protocol='http', host='localhost:9000', method='GET', uri='/answer/list/100006', version='HTTP/1.1', remote_ip='::1')
2020-08-15 12:21:19,076 [file:14] [INFO]- HTTPServerRequest(protocol='http', host='localhost:9000', method='GET', uri='/question/detail/100006', version='HTTP/1.1', remote_ip='::1')
2020-08-15 12:21:19,333 [file:14] [INFO]- HTTPServerRequest(protocol='http', host='localhost:9000', method='GET', uri='/answer/list/100006', version='HTTP/1.1', remote_ip='::1')
2020-08-15 12:21:26,711 [file:14] [INFO]- HTTPServerRequest(protocol='http', host='localhost:9000', method='GET', uri='/question/detail/100003', version='HTTP/1.1', remote_ip='::1')
2020-08-15 12:21:26,882 [file:14] [INFO]- HTTPServerRequest(protocol='http', host='localhost:9000', method='GET', uri='/answer/list/100003', version='HTTP/1.1', remote_ip='::1')
2020-08-15 12:21:30,419 [file:14] [INFO]- HTTPServerRequest(protocol='http', host='localhost:9000', method='GET', uri='/question/detail/100002', version='HTTP/1.1', remote_ip='::1')
2020-08-15 12:21:30,602 [file:14] [INFO]- HTTPServerRequest(protocol='http', host='localhost:9000', method='GET', uri='/answer/list/100002', version='HTTP/1.1', remote_ip='::1')
2020-08-15 12:21:36,605 [file:14] [INFO]- HTTPServerRequest(protocol='http', host='localhost:9000', method='GET', uri='/question/detail/100000', version='HTTP/1.1', remote_ip='::1')
2020-08-15 12:21:36,923 [file:14] [INFO]- HTTPServerRequest(protocol='http', host='localhost:9000', method='GET', uri='/answer/list/100000', version='HTTP/1.1', remote_ip='::1')
2020-08-15 12:22:04,903 [file:14] [INFO]- HTTPServerRequest(protocol='http', host='localhost:9000', method='GET', uri='/question/list?pre=0&lqid=100000', version='HTTP/1.1', remote_ip='::1')
2020-08-15 12:22:06,719 [file:14] [INFO]- HTTPServerRequest(protocol='http', host='localhost:9000', method='GET', uri='/question/list?pre=0&lqid=100000', version='HTTP/1.1', remote_ip='::1')
2020-08-15 12:22:09,957 [file:14] [INFO]- HTTPServerRequest(protocol='http', host='localhost:9000', method='GET', uri='/question/detail/100003', version='HTTP/1.1', remote_ip='::1')
2020-08-15 12:22:10,557 [file:14] [INFO]- HTTPServerRequest(protocol='http', host='localhost:9000', method='GET', uri='/answer/list/100003', version='HTTP/1.1', remote_ip='::1')
2020-08-15 12:22:12,908 [file:14] [INFO]- HTTPServerRequest(protocol='http', host='localhost:9000', method='GET', uri='/question/detail/100006', version='HTTP/1.1', remote_ip='::1')
2020-08-15 12:22:13,100 [file:14] [INFO]- HTTPServerRequest(protocol='http', host='localhost:9000', method='GET', uri='/answer/list/100006', version='HTTP/1.1', remote_ip='::1')
2020-08-15 12:22:15,437 [file:14] [INFO]- HTTPServerRequest(protocol='http', host='localhost:9000', method='GET', uri='/question/detail/100008', version='HTTP/1.1', remote_ip='::1')
2020-08-15 12:22:15,628 [file:14] [INFO]- HTTPServerRequest(protocol='http', host='localhost:9000', method='GET', uri='/answer/list/100008', version='HTTP/1.1', remote_ip='::1')
2020-08-15 12:22:50,857 [file:14] [INFO]- HTTPServerRequest(protocol='http', host='localhost:9000', method='GET', uri='/question/detail/100008?', version='HTTP/1.1', remote_ip='::1')
2020-08-15 12:22:51,222 [file:14] [INFO]- HTTPServerRequest(protocol='http', host='localhost:9000', method='GET', uri='/answer/list/100008', version='HTTP/1.1', remote_ip='::1')
2020-08-15 13:10:06,061 [file:14] [INFO]- HTTPServerRequest(protocol='http', host='localhost:9000', method='GET', uri='/question/detail/100008?', version='HTTP/1.1', remote_ip='::1')
2020-08-15 13:10:06,883 [file:14] [INFO]- HTTPServerRequest(protocol='http', host='localhost:9000', method='GET', uri='/answer/list/100008', version='HTTP/1.1', remote_ip='::1')
2020-08-15 13:10:22,754 [file:14] [INFO]- HTTPServerRequest(protocol='http', host='localhost:9000', method='POST', uri='/answer/create', version='HTTP/1.1', remote_ip='::1')
2020-08-15 13:10:31,690 [file:14] [INFO]- HTTPServerRequest(protocol='http', host='localhost:9000', method='GET', uri='/question/detail/100008?', version='HTTP/1.1', remote_ip='::1')
2020-08-15 13:10:31,951 [file:14] [INFO]- HTTPServerRequest(protocol='http', host='localhost:9000', method='GET', uri='/answer/list/100008', version='HTTP/1.1', remote_ip='::1')
2020-08-15 13:10:42,521 [file:14] [INFO]- HTTPServerRequest(protocol='http', host='localhost:9000', method='POST', uri='/answer/create', version='HTTP/1.1', remote_ip='::1')
2020-08-15 13:10:44,938 [file:14] [INFO]- HTTPServerRequest(protocol='http', host='localhost:9000', method='POST', uri='/answer/create', version='HTTP/1.1', remote_ip='::1')
2020-08-15 13:10:47,520 [file:14] [INFO]- HTTPServerRequest(protocol='http', host='localhost:9000', method='POST', uri='/answer/create', version='HTTP/1.1', remote_ip='::1')
2020-08-15 13:10:50,136 [file:14] [INFO]- HTTPServerRequest(protocol='http', host='localhost:9000', method='POST', uri='/answer/create', version='HTTP/1.1', remote_ip='::1')
2020-08-15 13:10:50,304 [file:14] [INFO]- HTTPServerRequest(protocol='http', host='localhost:9000', method='POST', uri='/answer/create', version='HTTP/1.1', remote_ip='::1')
2020-08-15 13:10:50,447 [file:14] [INFO]- HTTPServerRequest(protocol='http', host='localhost:9000', method='POST', uri='/answer/create', version='HTTP/1.1', remote_ip='::1')
2020-08-15 13:10:59,232 [file:14] [INFO]- HTTPServerRequest(protocol='http', host='localhost:9000', method='POST', uri='/answer/create', version='HTTP/1.1', remote_ip='::1')
2020-08-15 13:11:22,786 [file:14] [INFO]- HTTPServerRequest(protocol='http', host='localhost:9000', method='POST', uri='/answer/create', version='HTTP/1.1', remote_ip='::1')
2020-08-15 13:11:25,000 [file:14] [INFO]- HTTPServerRequest(protocol='http', host='localhost:9000', method='POST', uri='/answer/create', version='HTTP/1.1', remote_ip='::1')
2020-08-15 13:12:38,893 [file:14] [INFO]- HTTPServerRequest(protocol='http', host='localhost:9000', method='POST', uri='/answer/create', version='HTTP/1.1', remote_ip='::1')
2020-08-15 13:12:55,913 [file:14] [INFO]- HTTPServerRequest(protocol='http', host='localhost:9000', method='POST', uri='/answer/create', version='HTTP/1.1', remote_ip='::1')
2020-08-15 13:12:55,987 [file:14] [INFO]- HTTPServerRequest(protocol='http', host='localhost:9000', method='GET', uri='/answer/list/100008', version='HTTP/1.1', remote_ip='::1')
2020-08-15 13:14:15,371 [file:14] [INFO]- HTTPServerRequest(protocol='http', host='localhost:9000', method='GET', uri='/question/detail/100008?', version='HTTP/1.1', remote_ip='::1')
2020-08-15 13:14:16,404 [file:14] [INFO]- HTTPServerRequest(protocol='http', host='localhost:9000', method='GET', uri='/answer/list/100008', version='HTTP/1.1', remote_ip='::1')
2020-08-15 13:18:54,508 [file:14] [INFO]- HTTPServerRequest(protocol='http', host='localhost:9000', method='GET', uri='/question/detail/100008?', version='HTTP/1.1', remote_ip='::1')
2020-08-15 13:18:55,347 [file:14] [INFO]- HTTPServerRequest(protocol='http', host='localhost:9000', method='GET', uri='/answer/list/100008', version='HTTP/1.1', remote_ip='::1')
2020-08-15 14:09:06,442 [file:14] [INFO]- HTTPServerRequest(protocol='http', host='localhost:9000', method='GET', uri='/question/detail/100008?', version='HTTP/1.1', remote_ip='::1')
2020-08-15 14:11:30,111 [file:14] [INFO]- HTTPServerRequest(protocol='http', host='localhost:9000', method='GET', uri='/', version='HTTP/1.1', remote_ip='::1')
2020-08-15 14:11:30,327 [file:14] [INFO]- HTTPServerRequest(protocol='http', host='localhost:9000', method='GET', uri='/question/list?pre=0', version='HTTP/1.1', remote_ip='::1')
2020-08-15 14:11:33,045 [file:14] [INFO]- HTTPServerRequest(protocol='http', host='localhost:9000', method='GET', uri='/question/detail/100008', version='HTTP/1.1', remote_ip='::1')
2020-08-15 14:20:25,896 [file:14] [INFO]- HTTPServerRequest(protocol='http', host='localhost:9000', method='GET', uri='/question/detail/100008', version='HTTP/1.1', remote_ip='::1')
2020-08-15 14:21:39,891 [file:14] [INFO]- HTTPServerRequest(protocol='http', host='localhost:9000', method='GET', uri='/question/detail/100008', version='HTTP/1.1', remote_ip='::1')
2020-08-15 14:21:40,304 [file:14] [INFO]- HTTPServerRequest(protocol='http', host='localhost:9000', method='GET', uri='/answer/list/100008', version='HTTP/1.1', remote_ip='::1')
2020-08-15 14:21:55,870 [file:14] [INFO]- HTTPServerRequest(protocol='http', host='localhost:9000', method='POST', uri='/answer/create', version='HTTP/1.1', remote_ip='::1')
2020-08-15 14:21:55,942 [file:14] [INFO]- HTTPServerRequest(protocol='http', host='localhost:9000', method='GET', uri='/answer/list/100008', version='HTTP/1.1', remote_ip='::1')
2020-08-15 14:52:07,147 [file:14] [INFO]- HTTPServerRequest(protocol='http', host='localhost:9000', method='GET', uri='/index', version='HTTP/1.1', remote_ip='::1')
2020-08-15 14:52:07,289 [file:14] [INFO]- HTTPServerRequest(protocol='http', host='localhost:9000', method='GET', uri='/question/list?pre=0', version='HTTP/1.1', remote_ip='::1')
2020-08-15 14:52:08,213 [file:14] [INFO]- HTTPServerRequest(protocol='http', host='localhost:9000', method='GET', uri='/question/create', version='HTTP/1.1', remote_ip='::1')
2020-08-15 14:52:29,508 [file:14] [INFO]- HTTPServerRequest(protocol='http', host='localhost:9000', method='POST', uri='/question/create', version='HTTP/1.1', remote_ip='::1')
2020-08-15 14:53:06,210 [file:14] [INFO]- HTTPServerRequest(protocol='http', host='localhost:9000', method='GET', uri='/question/create', version='HTTP/1.1', remote_ip='::1')
2020-08-15 14:53:40,516 [file:14] [INFO]- HTTPServerRequest(protocol='http', host='localhost:9000', method='POST', uri='/question/create', version='HTTP/1.1', remote_ip='::1')
2020-08-15 14:53:47,564 [file:14] [INFO]- HTTPServerRequest(protocol='http', host='localhost:9000', method='GET', uri='/question/create', version='HTTP/1.1', remote_ip='::1')
2020-08-15 14:54:00,407 [file:14] [INFO]- HTTPServerRequest(protocol='http', host='localhost:9000', method='POST', uri='/question/create', version='HTTP/1.1', remote_ip='::1')
2020-08-15 14:55:02,091 [file:14] [INFO]- HTTPServerRequest(protocol='http', host='localhost:9000', method='POST', uri='/question/create', version='HTTP/1.1', remote_ip='::1')
2020-08-15 14:55:03,875 [file:14] [INFO]- HTTPServerRequest(protocol='http', host='localhost:9000', method='POST', uri='/question/create', version='HTTP/1.1', remote_ip='::1')
2020-08-15 14:55:05,464 [file:14] [INFO]- HTTPServerRequest(protocol='http', host='localhost:9000', method='GET', uri='/question/create', version='HTTP/1.1', remote_ip='::1')
2020-08-15 14:55:08,826 [file:14] [INFO]- HTTPServerRequest(protocol='http', host='localhost:9000', method='POST', uri='/question/create', version='HTTP/1.1', remote_ip='::1')
2020-08-15 14:55:43,216 [file:14] [INFO]- HTTPServerRequest(protocol='http', host='localhost:9000', method='GET', uri='/question/create', version='HTTP/1.1', remote_ip='::1')
2020-08-15 14:55:52,508 [file:14] [INFO]- HTTPServerRequest(protocol='http', host='localhost:9000', method='POST', uri='/question/create', version='HTTP/1.1', remote_ip='::1')
2020-08-15 14:56:31,736 [file:14] [INFO]- HTTPServerRequest(protocol='http', host='localhost:9000', method='POST', uri='/question/create', version='HTTP/1.1', remote_ip='127.0.0.1')
2020-08-15 14:56:34,888 [file:14] [INFO]- HTTPServerRequest(protocol='http', host='localhost:9000', method='GET', uri='/question/create', version='HTTP/1.1', remote_ip='127.0.0.1')
2020-08-15 14:56:36,253 [file:14] [INFO]- HTTPServerRequest(protocol='http', host='localhost:9000', method='POST', uri='/question/create', version='HTTP/1.1', remote_ip='127.0.0.1')
2020-08-15 14:56:37,556 [file:14] [INFO]- HTTPServerRequest(protocol='http', host='localhost:9000', method='GET', uri='/question/create', version='HTTP/1.1', remote_ip='127.0.0.1')
2020-08-15 14:56:40,944 [file:14] [INFO]- HTTPServerRequest(protocol='http', host='localhost:9000', method='POST', uri='/question/create', version='HTTP/1.1', remote_ip='127.0.0.1')
2020-08-15 14:56:42,511 [file:14] [INFO]- HTTPServerRequest(protocol='http', host='localhost:9000', method='GET', uri='/question/create', version='HTTP/1.1', remote_ip='127.0.0.1')
2020-08-15 14:57:30,505 [file:14] [INFO]- HTTPServerRequest(protocol='http', host='localhost:9000', method='POST', uri='/question/create', version='HTTP/1.1', remote_ip='::1')
2020-08-15 14:57:47,379 [file:14] [INFO]- HTTPServerRequest(protocol='http', host='localhost:9000', method='GET', uri='/question/create', version='HTTP/1.1', remote_ip='127.0.0.1')
2020-08-15 14:57:47,385 [file:14] [INFO]- HTTPServerRequest(protocol='http', host='localhost:9000', method='POST', uri='/question/create', version='HTTP/1.1', remote_ip='127.0.0.1')
2020-08-15 14:57:47,389 [file:14] [INFO]- HTTPServerRequest(protocol='http', host='localhost:9000', method='GET', uri='/auth/login?next=%2Fquestion%2Fcreate', version='HTTP/1.1', remote_ip='127.0.0.1')
2020-08-15 14:57:48,507 [file:14] [INFO]- HTTPServerRequest(protocol='http', host='localhost:9000', method='GET', uri='/auth/v.img', version='HTTP/1.1', remote_ip='::1')
2020-08-15 14:57:48,965 [file:14] [INFO]- HTTPServerRequest(protocol='http', host='localhost:9000', method='GET', uri='/question/create', version='HTTP/1.1', remote_ip='127.0.0.1')
2020-08-15 14:57:48,970 [file:14] [INFO]- HTTPServerRequest(protocol='http', host='localhost:9000', method='GET', uri='/auth/login?next=%2Fquestion%2Fcreate', version='HTTP/1.1', remote_ip='127.0.0.1')
2020-08-15 14:57:49,084 [file:14] [INFO]- HTTPServerRequest(protocol='http', host='localhost:9000', method='GET', uri='/auth/v.img', version='HTTP/1.1', remote_ip='127.0.0.1')
2020-08-15 14:57:52,372 [file:14] [INFO]- HTTPServerRequest(protocol='http', host='localhost:9000', method='GET', uri='/question/create', version='HTTP/1.1', remote_ip='127.0.0.1')
2020-08-15 14:57:53,602 [file:14] [INFO]- HTTPServerRequest(protocol='http', host='localhost:9000', method='POST', uri='/question/create', version='HTTP/1.1', remote_ip='127.0.0.1')
2020-08-15 14:57:55,939 [file:14] [INFO]- HTTPServerRequest(protocol='http', host='localhost:9000', method='GET', uri='/question/create', version='HTTP/1.1', remote_ip='127.0.0.1')
2020-08-15 14:58:13,219 [file:14] [INFO]- HTTPServerRequest(protocol='http', host='localhost:9000', method='POST', uri='/auth/login', version='HTTP/1.1', remote_ip='127.0.0.1')
2020-08-15 14:58:14,648 [file:14] [INFO]- HTTPServerRequest(protocol='http', host='localhost:9000', method='GET', uri='/auth/v.img', version='HTTP/1.1', remote_ip='127.0.0.1')
2020-08-15 14:58:16,912 [file:14] [INFO]- HTTPServerRequest(protocol='http', host='localhost:9000', method='GET', uri='/auth/v.img', version='HTTP/1.1', remote_ip='127.0.0.1')
2020-08-15 14:58:21,481 [file:14] [INFO]- HTTPServerRequest(protocol='http', host='localhost:9000', method='POST', uri='/auth/login', version='HTTP/1.1', remote_ip='127.0.0.1')
2020-08-15 14:58:21,495 [file:14] [INFO]- HTTPServerRequest(protocol='http', host='localhost:9000', method='GET', uri='/question/create', version='HTTP/1.1', remote_ip='127.0.0.1')
2020-08-15 14:58:39,604 [file:14] [INFO]- HTTPServerRequest(protocol='http', host='localhost:9000', method='POST', uri='/question/create', version='HTTP/1.1', remote_ip='::1')
2020-08-15 14:59:02,821 [file:14] [INFO]- HTTPServerRequest(protocol='http', host='localhost:9000', method='POST', uri='/question/create', version='HTTP/1.1', remote_ip='::1')
2020-08-15 14:59:05,708 [file:14] [INFO]- HTTPServerRequest(protocol='http', host='localhost:9000', method='GET', uri='/question/create', version='HTTP/1.1', remote_ip='::1')
2020-08-15 14:59:06,956 [file:14] [INFO]- HTTPServerRequest(protocol='http', host='localhost:9000', method='POST', uri='/question/create', version='HTTP/1.1', remote_ip='::1')
2020-08-15 14:59:10,857 [file:14] [INFO]- HTTPServerRequest(protocol='http', host='localhost:9000', method='GET', uri='/question/create', version='HTTP/1.1', remote_ip='::1')
2020-08-15 14:59:12,918 [file:14] [INFO]- HTTPServerRequest(protocol='http', host='localhost:9000', method='POST', uri='/question/create', version='HTTP/1.1', remote_ip='::1')
2020-08-15 15:00:15,505 [file:14] [INFO]- HTTPServerRequest(protocol='http', host='localhost:9000', method='POST', uri='/question/create', version='HTTP/1.1', remote_ip='::1')
2020-08-15 15:00:21,938 [file:14] [INFO]- HTTPServerRequest(protocol='http', host='localhost:9000', method='POST', uri='/question/create', version='HTTP/1.1', remote_ip='::1')
2020-08-15 15:00:24,675 [file:14] [INFO]- HTTPServerRequest(protocol='http', host='localhost:9000', method='GET', uri='/question/create', version='HTTP/1.1', remote_ip='::1')
2020-08-15 15:00:26,118 [file:14] [INFO]- HTTPServerRequest(protocol='http', host='localhost:9000', method='POST', uri='/question/create', version='HTTP/1.1', remote_ip='::1')
2020-08-15 15:02:36,607 [file:14] [INFO]- HTTPServerRequest(protocol='http', host='localhost:9000', method='GET', uri='/question/create', version='HTTP/1.1', remote_ip='::1')
2020-08-15 15:02:52,680 [file:14] [INFO]- HTTPServerRequest(protocol='http', host='localhost:9000', method='POST', uri='/question/create', version='HTTP/1.1', remote_ip='::1')
2020-08-15 15:03:19,694 [file:14] [INFO]- HTTPServerRequest(protocol='http', host='localhost:9000', method='POST', uri='/question/create', version='HTTP/1.1', remote_ip='127.0.0.1')
2020-08-15 15:03:37,339 [file:14] [INFO]- HTTPServerRequest(protocol='http', host='localhost:9000', method='POST', uri='/question/create', version='HTTP/1.1', remote_ip='::1')
2020-08-15 15:03:48,080 [file:14] [INFO]- HTTPServerRequest(protocol='http', host='localhost:9000', method='GET', uri='/question/create', version='HTTP/1.1', remote_ip='::1')
2020-08-15 15:03:58,483 [file:14] [INFO]- HTTPServerRequest(protocol='http', host='localhost:9000', method='GET', uri='/question/create', version='HTTP/1.1', remote_ip='::1')
2020-08-15 15:03:59,099 [file:14] [INFO]- HTTPServerRequest(protocol='http', host='localhost:9000', method='GET', uri='/question/create', version='HTTP/1.1', remote_ip='::1')
2020-08-15 15:04:29,112 [file:14] [INFO]- HTTPServerRequest(protocol='http', host='localhost:9000', method='GET', uri='/question/create', version='HTTP/1.1', remote_ip='::1')
2020-08-15 15:05:01,093 [file:14] [INFO]- HTTPServerRequest(protocol='http', host='localhost:9000', method='GET', uri='/question/create', version='HTTP/1.1', remote_ip='::1')
2020-08-15 15:05:11,352 [file:14] [INFO]- HTTPServerRequest(protocol='http', host='localhost:9000', method='POST', uri='/question/create', version='HTTP/1.1', remote_ip='::1')
2020-08-15 15:05:14,132 [file:14] [INFO]- HTTPServerRequest(protocol='http', host='localhost:9000', method='GET', uri='/question/create', version='HTTP/1.1', remote_ip='::1')
2020-08-15 15:07:23,844 [file:14] [INFO]- HTTPServerRequest(protocol='http', host='localhost:9000', method='POST', uri='/question/create', version='HTTP/1.1', remote_ip='::1')
2020-08-15 15:07:28,989 [file:14] [INFO]- HTTPServerRequest(protocol='http', host='localhost:9000', method='GET', uri='/question/create', version='HTTP/1.1', remote_ip='::1')
2020-08-15 15:09:44,459 [file:14] [INFO]- HTTPServerRequest(protocol='http', host='localhost:9000', method='GET', uri='/question/create', version='HTTP/1.1', remote_ip='::1')
2020-08-15 15:10:28,683 [file:14] [INFO]- HTTPServerRequest(protocol='http', host='localhost:9000', method='GET', uri='/', version='HTTP/1.1', remote_ip='::1')
2020-08-15 15:10:28,806 [file:14] [INFO]- HTTPServerRequest(protocol='http', host='localhost:9000', method='GET', uri='/question/list?pre=0', version='HTTP/1.1', remote_ip='::1')
2020-08-15 15:10:32,032 [file:14] [INFO]- HTTPServerRequest(protocol='http', host='localhost:9000', method='GET', uri='/question/create', version='HTTP/1.1', remote_ip='::1')
2020-08-15 15:12:08,117 [file:14] [INFO]- HTTPServerRequest(protocol='http', host='localhost:9000', method='GET', uri='/question/create', version='HTTP/1.1', remote_ip='::1')
2020-08-15 15:12:17,965 [file:14] [INFO]- HTTPServerRequest(protocol='http', host='localhost:9000', method='POST', uri='/question/create', version='HTTP/1.1', remote_ip='::1')
2020-08-15 15:12:35,871 [file:14] [INFO]- HTTPServerRequest(protocol='http', host='localhost:9000', method='GET', uri='/question/detail/100010?m=%E5%88%9B%E5%BB%BA%E6%88%90%E5%8A%9F&e=success', version='HTTP/1.1', remote_ip='::1')
2020-08-15 15:12:36,065 [file:14] [INFO]- HTTPServerRequest(protocol='http', host='localhost:9000', method='GET', uri='/answer/list/100010', version='HTTP/1.1', remote_ip='::1')
